<?xml version="1.0" encoding="UTF-8"?>
<!-- Generated by org.testng.reporters.JUnitReportReporter -->
<testsuite hostname="81PK5B3" failures="0" tests="1" name="FireFoxTest$GoogleTest" time="15.887" errors="0" timestamp="2022-05-19T19:12:43 IST" skipped="0">
  <testcase classname="FireFoxTest$GoogleTest" name="testOnChrome" time="15.887"/>
  <system-out/>
</testsuite> <!-- FireFoxTest$GoogleTest -->
